2025-11-14 19:49:57.822 [background-preinit] INFO  o.h.v.i.u.Version - HV000001: Hibernate Validator 8.0.2.Final
2025-11-14 19:49:57.871 [restartedMain] INFO  b.e.f.R.RotaVanApplication - Starting RotaVanApplication using Java 21.0.8 with PID 3612 (C:\Users\41685\Desktop\RotaVan\tcc-rotavan\target\classes started by 41685 in C:\Users\41685\Desktop\RotaVan)
2025-11-14 19:49:57.874 [restartedMain] INFO  b.e.f.R.RotaVanApplication - No active profile set, falling back to 1 default profile: "default"
2025-11-14 19:49:57.913 [restartedMain] INFO  o.s.b.d.e.DevToolsPropertyDefaultsPostProcessor - Devtools property defaults active! Set 'spring.devtools.add-properties' to 'false' to disable
2025-11-14 19:49:57.914 [restartedMain] INFO  o.s.b.d.e.DevToolsPropertyDefaultsPostProcessor - For additional web related logging consider setting the 'logging.level.web' property to 'DEBUG'
2025-11-14 19:49:58.471 [restartedMain] INFO  o.s.d.r.c.RepositoryConfigurationDelegate - Bootstrapping Spring Data JPA repositories in DEFAULT mode.
2025-11-14 19:49:58.562 [restartedMain] INFO  o.s.d.r.c.RepositoryConfigurationDelegate - Finished Spring Data repository scanning in 84 ms. Found 11 JPA repository interfaces.
2025-11-14 19:49:59.663 [restartedMain] INFO  o.s.b.w.e.t.TomcatWebServer - Tomcat initialized with port 5000 (http)
2025-11-14 19:49:59.674 [restartedMain] INFO  o.a.c.h.Http11NioProtocol - Initializing ProtocolHandler ["http-nio-5000"]
2025-11-14 19:49:59.676 [restartedMain] INFO  o.a.c.c.StandardService - Starting service [Tomcat]
2025-11-14 19:49:59.676 [restartedMain] INFO  o.a.c.c.StandardEngine - Starting Servlet engine: [Apache Tomcat/10.1.43]
2025-11-14 19:49:59.722 [restartedMain] INFO  o.a.c.c.C.[.[.[/] - Initializing Spring embedded WebApplicationContext
2025-11-14 19:49:59.722 [restartedMain] INFO  o.s.b.w.s.c.ServletWebServerApplicationContext - Root WebApplicationContext: initialization completed in 1808 ms
2025-11-14 19:49:59.966 [restartedMain] INFO  c.z.h.HikariDataSource - HikariPool-1 - Starting...
2025-11-14 19:50:00.250 [restartedMain] INFO  c.z.h.p.HikariPool - HikariPool-1 - Added connection com.mysql.cj.jdbc.ConnectionImpl@555863
2025-11-14 19:50:00.251 [restartedMain] INFO  c.z.h.HikariDataSource - HikariPool-1 - Start completed.
2025-11-14 19:50:00.288 [restartedMain] INFO  o.f.c.FlywayExecutor - Database: jdbc:mysql://localhost:3310/rotavan (MySQL 8.0)
2025-11-14 19:50:00.331 [restartedMain] INFO  o.f.c.i.c.DbValidate - Successfully validated 2 migrations (execution time 00:00.022s)
2025-11-14 19:50:00.340 [restartedMain] INFO  o.f.c.i.c.DbMigrate - Current version of schema `rotavan`: 2
2025-11-14 19:50:00.340 [restartedMain] WARN  o.f.c.i.c.DbMigrate - Schema `rotavan` has a version (2) that is newer than the latest available migration (1) !
2025-11-14 19:50:00.346 [restartedMain] INFO  o.f.c.i.c.DbMigrate - Schema `rotavan` is up to date. No migration necessary.
2025-11-14 19:50:00.441 [restartedMain] INFO  o.h.j.i.u.LogHelper - HHH000204: Processing PersistenceUnitInfo [name: default]
2025-11-14 19:50:00.535 [restartedMain] INFO  o.h.Version - HHH000412: Hibernate ORM core version 6.6.22.Final
2025-11-14 19:50:00.568 [restartedMain] INFO  o.h.c.i.RegionFactoryInitiator - HHH000026: Second-level cache disabled
2025-11-14 19:50:00.804 [restartedMain] INFO  o.s.o.j.p.SpringPersistenceUnitInfo - No LoadTimeWeaver setup: ignoring JPA class transformer
2025-11-14 19:50:00.846 [restartedMain] WARN  o.h.o.deprecation - HHH90000025: MySQL8Dialect does not need to be specified explicitly using 'hibernate.dialect' (remove the property setting and it will be selected by default)
2025-11-14 19:50:00.847 [restartedMain] WARN  o.h.o.deprecation - HHH90000026: MySQL8Dialect has been deprecated; use org.hibernate.dialect.MySQLDialect instead
2025-11-14 19:50:00.855 [restartedMain] INFO  o.h.o.c.pooling - HHH10001005: Database info:
	Database JDBC URL [Connecting through datasource 'HikariDataSource (HikariPool-1)']
	Database driver: undefined/unknown
	Database version: 8.0
	Autocommit mode: undefined/unknown
	Isolation level: undefined/unknown
	Minimum pool size: undefined/unknown
	Maximum pool size: undefined/unknown
2025-11-14 19:50:01.598 [restartedMain] INFO  o.h.e.t.j.p.i.JtaPlatformInitiator - HHH000489: No JTA platform available (set 'hibernate.transaction.jta.platform' to enable JTA platform integration)
2025-11-14 19:50:01.675 [restartedMain] INFO  o.s.o.j.LocalContainerEntityManagerFactoryBean - Initialized JPA EntityManagerFactory for persistence unit 'default'
2025-11-14 19:50:01.922 [restartedMain] WARN  o.s.b.a.o.j.JpaBaseConfiguration$JpaWebConfiguration - spring.jpa.open-in-view is enabled by default. Therefore, database queries may be performed during view rendering. Explicitly configure spring.jpa.open-in-view to disable this warning
2025-11-14 19:50:02.142 [restartedMain] INFO  o.s.s.c.a.a.c.InitializeAuthenticationProviderBeanManagerConfigurer$InitializeAuthenticationProviderManagerConfigurer - Global AuthenticationManager configured with AuthenticationProvider bean with name authenticationProvider
2025-11-14 19:50:02.143 [restartedMain] WARN  o.s.s.c.a.a.c.InitializeUserDetailsBeanManagerConfigurer$InitializeUserDetailsManagerConfigurer - Global AuthenticationManager configured with an AuthenticationProvider bean. UserDetailsService beans will not be used by Spring Security for automatically configuring username/password login. Consider removing the AuthenticationProvider bean. Alternatively, consider using the UserDetailsService in a manually instantiated DaoAuthenticationProvider. If the current configuration is intentional, to turn off this warning, increase the logging level of 'org.springframework.security.config.annotation.authentication.configuration.InitializeUserDetailsBeanManagerConfigurer' to ERROR
2025-11-14 19:50:02.274 [restartedMain] INFO  o.s.d.j.r.q.QueryEnhancerFactory - Hibernate is in classpath; If applicable, HQL parser will be used.
2025-11-14 19:50:03.791 [restartedMain] INFO  o.s.b.d.a.OptionalLiveReloadServer - LiveReload server is running on port 35729
2025-11-14 19:50:03.806 [restartedMain] INFO  o.a.c.h.Http11NioProtocol - Starting ProtocolHandler ["http-nio-5000"]
2025-11-14 19:50:03.818 [restartedMain] INFO  o.s.b.w.e.t.TomcatWebServer - Tomcat started on port 5000 (http) with context path '/'
2025-11-14 19:50:03.823 [restartedMain] INFO  b.e.f.R.RotaVanApplication - Started RotaVanApplication in 6.268 seconds (process running for 7.184)
2025-11-14 19:50:03.825 [restartedMain] WARN  o.s.c.e.SpringDocAppInitializer - SpringDoc /v3/api-docs endpoint is enabled by default. To disable it in production, set the property 'springdoc.api-docs.enabled=false'
2025-11-14 19:50:03.826 [restartedMain] WARN  o.s.c.e.SpringDocAppInitializer - SpringDoc /swagger-ui.html endpoint is enabled by default. To disable it in production, set the property 'springdoc.swagger-ui.enabled=false'
2025-11-14 19:50:06.087 [SpringApplicationShutdownHook] INFO  o.s.b.w.e.t.GracefulShutdown - Commencing graceful shutdown. Waiting for active requests to complete
2025-11-14 19:50:06.092 [tomcat-shutdown] INFO  o.s.b.w.e.t.GracefulShutdown - Graceful shutdown complete
2025-11-14 19:50:06.097 [SpringApplicationShutdownHook] INFO  o.s.o.j.LocalContainerEntityManagerFactoryBean - Closing JPA EntityManagerFactory for persistence unit 'default'
2025-11-14 19:50:06.099 [SpringApplicationShutdownHook] INFO  c.z.h.HikariDataSource - HikariPool-1 - Shutdown initiated...
2025-11-14 19:50:06.104 [SpringApplicationShutdownHook] INFO  c.z.h.HikariDataSource - HikariPool-1 - Shutdown completed.
2025-11-14 19:51:56.782 [background-preinit] INFO  o.h.v.i.u.Version - HV000001: Hibernate Validator 8.0.2.Final
2025-11-14 19:51:56.831 [restartedMain] INFO  b.e.f.R.RotaVanApplication - Starting RotaVanApplication using Java 21.0.8 with PID 14072 (C:\Users\41685\Desktop\RotaVan\tcc-rotavan\target\classes started by 41685 in C:\Users\41685\Desktop\RotaVan)
2025-11-14 19:51:56.835 [restartedMain] INFO  b.e.f.R.RotaVanApplication - No active profile set, falling back to 1 default profile: "default"
2025-11-14 19:51:56.877 [restartedMain] INFO  o.s.b.d.e.DevToolsPropertyDefaultsPostProcessor - Devtools property defaults active! Set 'spring.devtools.add-properties' to 'false' to disable
2025-11-14 19:51:56.877 [restartedMain] INFO  o.s.b.d.e.DevToolsPropertyDefaultsPostProcessor - For additional web related logging consider setting the 'logging.level.web' property to 'DEBUG'
2025-11-14 19:51:57.385 [restartedMain] INFO  o.s.d.r.c.RepositoryConfigurationDelegate - Bootstrapping Spring Data JPA repositories in DEFAULT mode.
2025-11-14 19:51:57.459 [restartedMain] INFO  o.s.d.r.c.RepositoryConfigurationDelegate - Finished Spring Data repository scanning in 68 ms. Found 11 JPA repository interfaces.
2025-11-14 19:51:58.393 [restartedMain] INFO  o.s.b.w.e.t.TomcatWebServer - Tomcat initialized with port 5000 (http)
2025-11-14 19:51:58.404 [restartedMain] INFO  o.a.c.h.Http11NioProtocol - Initializing ProtocolHandler ["http-nio-5000"]
2025-11-14 19:51:58.405 [restartedMain] INFO  o.a.c.c.StandardService - Starting service [Tomcat]
2025-11-14 19:51:58.405 [restartedMain] INFO  o.a.c.c.StandardEngine - Starting Servlet engine: [Apache Tomcat/10.1.43]
2025-11-14 19:51:58.446 [restartedMain] INFO  o.a.c.c.C.[.[.[/] - Initializing Spring embedded WebApplicationContext
2025-11-14 19:51:58.447 [restartedMain] INFO  o.s.b.w.s.c.ServletWebServerApplicationContext - Root WebApplicationContext: initialization completed in 1568 ms
2025-11-14 19:51:58.699 [restartedMain] INFO  c.z.h.HikariDataSource - HikariPool-1 - Starting...
2025-11-14 19:51:58.893 [restartedMain] INFO  c.z.h.p.HikariPool - HikariPool-1 - Added connection com.mysql.cj.jdbc.ConnectionImpl@25731d83
2025-11-14 19:51:58.893 [restartedMain] INFO  c.z.h.HikariDataSource - HikariPool-1 - Start completed.
2025-11-14 19:51:58.926 [restartedMain] INFO  o.f.c.FlywayExecutor - Database: jdbc:mysql://localhost:3310/rotavan (MySQL 8.0)
2025-11-14 19:51:58.963 [restartedMain] INFO  o.f.c.i.c.DbValidate - Successfully validated 2 migrations (execution time 00:00.019s)
2025-11-14 19:51:58.973 [restartedMain] INFO  o.f.c.i.c.DbMigrate - Current version of schema `rotavan`: 2
2025-11-14 19:51:58.973 [restartedMain] WARN  o.f.c.i.c.DbMigrate - Schema `rotavan` has a version (2) that is newer than the latest available migration (1) !
2025-11-14 19:51:58.975 [restartedMain] INFO  o.f.c.i.c.DbMigrate - Schema `rotavan` is up to date. No migration necessary.
2025-11-14 19:51:59.056 [restartedMain] INFO  o.h.j.i.u.LogHelper - HHH000204: Processing PersistenceUnitInfo [name: default]
2025-11-14 19:51:59.090 [restartedMain] INFO  o.h.Version - HHH000412: Hibernate ORM core version 6.6.22.Final
2025-11-14 19:51:59.116 [restartedMain] INFO  o.h.c.i.RegionFactoryInitiator - HHH000026: Second-level cache disabled
2025-11-14 19:51:59.276 [restartedMain] INFO  o.s.o.j.p.SpringPersistenceUnitInfo - No LoadTimeWeaver setup: ignoring JPA class transformer
2025-11-14 19:51:59.316 [restartedMain] WARN  o.h.o.deprecation - HHH90000025: MySQL8Dialect does not need to be specified explicitly using 'hibernate.dialect' (remove the property setting and it will be selected by default)
2025-11-14 19:51:59.316 [restartedMain] WARN  o.h.o.deprecation - HHH90000026: MySQL8Dialect has been deprecated; use org.hibernate.dialect.MySQLDialect instead
2025-11-14 19:51:59.324 [restartedMain] INFO  o.h.o.c.pooling - HHH10001005: Database info:
	Database JDBC URL [Connecting through datasource 'HikariDataSource (HikariPool-1)']
	Database driver: undefined/unknown
	Database version: 8.0
	Autocommit mode: undefined/unknown
	Isolation level: undefined/unknown
	Minimum pool size: undefined/unknown
	Maximum pool size: undefined/unknown
2025-11-14 19:51:59.968 [restartedMain] INFO  o.h.e.t.j.p.i.JtaPlatformInitiator - HHH000489: No JTA platform available (set 'hibernate.transaction.jta.platform' to enable JTA platform integration)
2025-11-14 19:52:00.039 [restartedMain] INFO  o.s.o.j.LocalContainerEntityManagerFactoryBean - Initialized JPA EntityManagerFactory for persistence unit 'default'
2025-11-14 19:52:00.256 [restartedMain] WARN  o.s.b.a.o.j.JpaBaseConfiguration$JpaWebConfiguration - spring.jpa.open-in-view is enabled by default. Therefore, database queries may be performed during view rendering. Explicitly configure spring.jpa.open-in-view to disable this warning
2025-11-14 19:52:00.424 [restartedMain] INFO  o.s.s.c.a.a.c.InitializeAuthenticationProviderBeanManagerConfigurer$InitializeAuthenticationProviderManagerConfigurer - Global AuthenticationManager configured with AuthenticationProvider bean with name authenticationProvider
2025-11-14 19:52:00.425 [restartedMain] WARN  o.s.s.c.a.a.c.InitializeUserDetailsBeanManagerConfigurer$InitializeUserDetailsManagerConfigurer - Global AuthenticationManager configured with an AuthenticationProvider bean. UserDetailsService beans will not be used by Spring Security for automatically configuring username/password login. Consider removing the AuthenticationProvider bean. Alternatively, consider using the UserDetailsService in a manually instantiated DaoAuthenticationProvider. If the current configuration is intentional, to turn off this warning, increase the logging level of 'org.springframework.security.config.annotation.authentication.configuration.InitializeUserDetailsBeanManagerConfigurer' to ERROR
2025-11-14 19:52:00.544 [restartedMain] INFO  o.s.d.j.r.q.QueryEnhancerFactory - Hibernate is in classpath; If applicable, HQL parser will be used.
2025-11-14 19:52:01.871 [restartedMain] INFO  o.s.b.d.a.OptionalLiveReloadServer - LiveReload server is running on port 35729
2025-11-14 19:52:01.882 [restartedMain] INFO  o.a.c.h.Http11NioProtocol - Starting ProtocolHandler ["http-nio-5000"]
2025-11-14 19:52:01.894 [restartedMain] INFO  o.s.b.w.e.t.TomcatWebServer - Tomcat started on port 5000 (http) with context path '/'
2025-11-14 19:52:01.899 [restartedMain] INFO  b.e.f.R.RotaVanApplication - Started RotaVanApplication in 5.309 seconds (process running for 5.923)
2025-11-14 19:52:01.901 [restartedMain] WARN  o.s.c.e.SpringDocAppInitializer - SpringDoc /v3/api-docs endpoint is enabled by default. To disable it in production, set the property 'springdoc.api-docs.enabled=false'
2025-11-14 19:52:01.901 [restartedMain] WARN  o.s.c.e.SpringDocAppInitializer - SpringDoc /swagger-ui.html endpoint is enabled by default. To disable it in production, set the property 'springdoc.swagger-ui.enabled=false'
2025-11-14 20:10:30.821 [SpringApplicationShutdownHook] INFO  o.s.b.w.e.t.GracefulShutdown - Commencing graceful shutdown. Waiting for active requests to complete
2025-11-14 20:10:30.827 [tomcat-shutdown] INFO  o.s.b.w.e.t.GracefulShutdown - Graceful shutdown complete
2025-11-14 20:10:30.832 [SpringApplicationShutdownHook] INFO  o.s.o.j.LocalContainerEntityManagerFactoryBean - Closing JPA EntityManagerFactory for persistence unit 'default'
2025-11-14 20:10:30.837 [SpringApplicationShutdownHook] INFO  c.z.h.HikariDataSource - HikariPool-1 - Shutdown initiated...
2025-11-14 20:10:30.841 [SpringApplicationShutdownHook] INFO  c.z.h.HikariDataSource - HikariPool-1 - Shutdown completed.
2025-11-14 20:47:32.771 [background-preinit] INFO  o.h.v.i.u.Version - HV000001: Hibernate Validator 8.0.2.Final
2025-11-14 20:47:32.825 [restartedMain] INFO  b.e.f.R.RotaVanApplication - Starting RotaVanApplication using Java 21.0.8 with PID 17500 (C:\Users\41685\Desktop\RotaVan\tcc-rotavan\target\classes started by 41685 in C:\Users\41685\Desktop\RotaVan)
2025-11-14 20:47:32.832 [restartedMain] INFO  b.e.f.R.RotaVanApplication - No active profile set, falling back to 1 default profile: "default"
2025-11-14 20:47:32.910 [restartedMain] INFO  o.s.b.d.e.DevToolsPropertyDefaultsPostProcessor - Devtools property defaults active! Set 'spring.devtools.add-properties' to 'false' to disable
2025-11-14 20:47:32.911 [restartedMain] INFO  o.s.b.d.e.DevToolsPropertyDefaultsPostProcessor - For additional web related logging consider setting the 'logging.level.web' property to 'DEBUG'
2025-11-14 20:47:34.143 [restartedMain] INFO  o.s.d.r.c.RepositoryConfigurationDelegate - Bootstrapping Spring Data JPA repositories in DEFAULT mode.
2025-11-14 20:47:34.316 [restartedMain] INFO  o.s.d.r.c.RepositoryConfigurationDelegate - Finished Spring Data repository scanning in 160 ms. Found 11 JPA repository interfaces.
2025-11-14 20:47:36.827 [restartedMain] INFO  o.s.b.w.e.t.TomcatWebServer - Tomcat initialized with port 5000 (http)
2025-11-14 20:47:36.865 [restartedMain] INFO  o.a.c.h.Http11NioProtocol - Initializing ProtocolHandler ["http-nio-5000"]
2025-11-14 20:47:36.867 [restartedMain] INFO  o.a.c.c.StandardService - Starting service [Tomcat]
2025-11-14 20:47:36.868 [restartedMain] INFO  o.a.c.c.StandardEngine - Starting Servlet engine: [Apache Tomcat/10.1.43]
2025-11-14 20:47:36.965 [restartedMain] INFO  o.a.c.c.C.[.[.[/] - Initializing Spring embedded WebApplicationContext
2025-11-14 20:47:36.969 [restartedMain] INFO  o.s.b.w.s.c.ServletWebServerApplicationContext - Root WebApplicationContext: initialization completed in 4054 ms
2025-11-14 20:47:37.446 [restartedMain] INFO  c.z.h.HikariDataSource - HikariPool-1 - Starting...
2025-11-14 20:47:37.929 [restartedMain] INFO  c.z.h.p.HikariPool - HikariPool-1 - Added connection com.mysql.cj.jdbc.ConnectionImpl@4b8b8550
2025-11-14 20:47:37.931 [restartedMain] INFO  c.z.h.HikariDataSource - HikariPool-1 - Start completed.
2025-11-14 20:47:37.998 [restartedMain] INFO  o.f.c.FlywayExecutor - Database: jdbc:mysql://localhost:3310/rotavan (MySQL 8.0)
2025-11-14 20:47:38.123 [restartedMain] INFO  o.f.c.i.c.DbValidate - Successfully validated 2 migrations (execution time 00:00.074s)
2025-11-14 20:47:38.154 [restartedMain] INFO  o.f.c.i.c.DbMigrate - Current version of schema `rotavan`: 2
2025-11-14 20:47:38.155 [restartedMain] WARN  o.f.c.i.c.DbMigrate - Schema `rotavan` has a version (2) that is newer than the latest available migration (1) !
2025-11-14 20:47:38.160 [restartedMain] INFO  o.f.c.i.c.DbMigrate - Schema `rotavan` is up to date. No migration necessary.
2025-11-14 20:47:38.457 [restartedMain] INFO  o.h.j.i.u.LogHelper - HHH000204: Processing PersistenceUnitInfo [name: default]
2025-11-14 20:47:38.603 [restartedMain] INFO  o.h.Version - HHH000412: Hibernate ORM core version 6.6.22.Final
2025-11-14 20:47:38.654 [restartedMain] INFO  o.h.c.i.RegionFactoryInitiator - HHH000026: Second-level cache disabled
2025-11-14 20:47:38.926 [restartedMain] INFO  o.s.o.j.p.SpringPersistenceUnitInfo - No LoadTimeWeaver setup: ignoring JPA class transformer
2025-11-14 20:47:39.027 [restartedMain] WARN  o.h.o.deprecation - HHH90000025: MySQL8Dialect does not need to be specified explicitly using 'hibernate.dialect' (remove the property setting and it will be selected by default)
2025-11-14 20:47:39.028 [restartedMain] WARN  o.h.o.deprecation - HHH90000026: MySQL8Dialect has been deprecated; use org.hibernate.dialect.MySQLDialect instead
2025-11-14 20:47:39.046 [restartedMain] INFO  o.h.o.c.pooling - HHH10001005: Database info:
	Database JDBC URL [Connecting through datasource 'HikariDataSource (HikariPool-1)']
	Database driver: undefined/unknown
	Database version: 8.0
	Autocommit mode: undefined/unknown
	Isolation level: undefined/unknown
	Minimum pool size: undefined/unknown
	Maximum pool size: undefined/unknown
2025-11-14 20:47:40.564 [restartedMain] INFO  o.h.e.t.j.p.i.JtaPlatformInitiator - HHH000489: No JTA platform available (set 'hibernate.transaction.jta.platform' to enable JTA platform integration)
2025-11-14 20:47:40.681 [restartedMain] INFO  o.s.o.j.LocalContainerEntityManagerFactoryBean - Initialized JPA EntityManagerFactory for persistence unit 'default'
2025-11-14 20:47:41.287 [restartedMain] WARN  o.s.b.a.o.j.JpaBaseConfiguration$JpaWebConfiguration - spring.jpa.open-in-view is enabled by default. Therefore, database queries may be performed during view rendering. Explicitly configure spring.jpa.open-in-view to disable this warning
2025-11-14 20:47:41.767 [restartedMain] INFO  o.s.s.c.a.a.c.InitializeAuthenticationProviderBeanManagerConfigurer$InitializeAuthenticationProviderManagerConfigurer - Global AuthenticationManager configured with AuthenticationProvider bean with name authenticationProvider
2025-11-14 20:47:41.768 [restartedMain] WARN  o.s.s.c.a.a.c.InitializeUserDetailsBeanManagerConfigurer$InitializeUserDetailsManagerConfigurer - Global AuthenticationManager configured with an AuthenticationProvider bean. UserDetailsService beans will not be used by Spring Security for automatically configuring username/password login. Consider removing the AuthenticationProvider bean. Alternatively, consider using the UserDetailsService in a manually instantiated DaoAuthenticationProvider. If the current configuration is intentional, to turn off this warning, increase the logging level of 'org.springframework.security.config.annotation.authentication.configuration.InitializeUserDetailsBeanManagerConfigurer' to ERROR
2025-11-14 20:47:42.050 [restartedMain] INFO  o.s.d.j.r.q.QueryEnhancerFactory - Hibernate is in classpath; If applicable, HQL parser will be used.
2025-11-14 20:47:44.750 [restartedMain] INFO  o.s.b.d.a.OptionalLiveReloadServer - LiveReload server is running on port 35729
2025-11-14 20:47:44.775 [restartedMain] INFO  o.a.c.h.Http11NioProtocol - Starting ProtocolHandler ["http-nio-5000"]
2025-11-14 20:47:44.808 [restartedMain] INFO  o.s.b.w.e.t.TomcatWebServer - Tomcat started on port 5000 (http) with context path '/'
2025-11-14 20:47:44.816 [restartedMain] INFO  b.e.f.R.RotaVanApplication - Started RotaVanApplication in 12.519 seconds (process running for 13.728)
2025-11-14 20:47:44.821 [restartedMain] WARN  o.s.c.e.SpringDocAppInitializer - SpringDoc /v3/api-docs endpoint is enabled by default. To disable it in production, set the property 'springdoc.api-docs.enabled=false'
2025-11-14 20:47:44.821 [restartedMain] WARN  o.s.c.e.SpringDocAppInitializer - SpringDoc /swagger-ui.html endpoint is enabled by default. To disable it in production, set the property 'springdoc.swagger-ui.enabled=false'
2025-11-14 20:47:56.289 [http-nio-5000-exec-1] INFO  o.a.c.c.C.[.[.[/] - Initializing Spring DispatcherServlet 'dispatcherServlet'
2025-11-14 20:47:56.289 [http-nio-5000-exec-1] INFO  o.s.w.s.DispatcherServlet - Initializing Servlet 'dispatcherServlet'
2025-11-14 20:47:56.290 [http-nio-5000-exec-1] INFO  o.s.w.s.DispatcherServlet - Completed initialization in 1 ms
2025-11-14 20:47:56.310 [http-nio-5000-exec-1] INFO  b.e.f.R.c.f.JwtAuthenticationFilter - JwtAuthFilter - logging user here  org.springframework.security.web.header.HeaderWriterFilter$HeaderWriterRequest@c8ffb66
2025-11-14 20:47:57.020 [http-nio-5000-exec-4] INFO  b.e.f.R.c.f.JwtAuthenticationFilter - JwtAuthFilter - logging user here  org.springframework.security.web.header.HeaderWriterFilter$HeaderWriterRequest@5c997185
2025-11-14 20:47:57.020 [http-nio-5000-exec-5] INFO  b.e.f.R.c.f.JwtAuthenticationFilter - JwtAuthFilter - logging user here  org.springframework.security.web.header.HeaderWriterFilter$HeaderWriterRequest@40844345
2025-11-14 20:47:57.020 [http-nio-5000-exec-3] INFO  b.e.f.R.c.f.JwtAuthenticationFilter - JwtAuthFilter - logging user here  org.springframework.security.web.header.HeaderWriterFilter$HeaderWriterRequest@39e1ce6c
2025-11-14 20:47:57.020 [http-nio-5000-exec-2] INFO  b.e.f.R.c.f.JwtAuthenticationFilter - JwtAuthFilter - logging user here  org.springframework.security.web.header.HeaderWriterFilter$HeaderWriterRequest@5dfd98bd
2025-11-14 20:47:57.020 [http-nio-5000-exec-6] INFO  b.e.f.R.c.f.JwtAuthenticationFilter - JwtAuthFilter - logging user here  org.springframework.security.web.header.HeaderWriterFilter$HeaderWriterRequest@26888c62
2025-11-14 20:47:57.121 [http-nio-5000-exec-8] INFO  b.e.f.R.c.f.JwtAuthenticationFilter - JwtAuthFilter - logging user here  org.springframework.security.web.header.HeaderWriterFilter$HeaderWriterRequest@2488c4c
2025-11-14 20:47:57.122 [http-nio-5000-exec-7] INFO  b.e.f.R.c.f.JwtAuthenticationFilter - JwtAuthFilter - logging user here  org.springframework.security.web.header.HeaderWriterFilter$HeaderWriterRequest@11a4ab53
2025-11-14 20:47:57.167 [http-nio-5000-exec-10] INFO  b.e.f.R.c.f.JwtAuthenticationFilter - JwtAuthFilter - logging user here  org.springframework.security.web.header.HeaderWriterFilter$HeaderWriterRequest@2c20c823
2025-11-14 20:47:58.178 [http-nio-5000-exec-10] INFO  o.s.a.AbstractOpenApiResource - Init duration for springdoc-openapi is: 999 ms
2025-11-14 21:27:21.775 [SpringApplicationShutdownHook] INFO  o.s.b.w.e.t.GracefulShutdown - Commencing graceful shutdown. Waiting for active requests to complete
2025-11-14 21:27:21.783 [tomcat-shutdown] INFO  o.s.b.w.e.t.GracefulShutdown - Graceful shutdown complete
2025-11-14 21:27:21.788 [SpringApplicationShutdownHook] INFO  o.s.o.j.LocalContainerEntityManagerFactoryBean - Closing JPA EntityManagerFactory for persistence unit 'default'
2025-11-14 21:27:21.791 [SpringApplicationShutdownHook] INFO  c.z.h.HikariDataSource - HikariPool-1 - Shutdown initiated...
2025-11-14 21:27:21.793 [SpringApplicationShutdownHook] INFO  c.z.h.HikariDataSource - HikariPool-1 - Shutdown completed.
